  COMP3016CW1.cpp
C:\Users\theob\Documents\GitHub\COMP3016CW1\COMP3016CW1\COMP3016CW1\Player.h(35,13): warning C4244: 'initializing': conversion from 'double' to 'float', possible loss of data
  (compiling source file 'COMP3016CW1.cpp')
  
C:\Users\theob\Documents\GitHub\COMP3016CW1\COMP3016CW1\COMP3016CW1\Player.h(36,24): warning C4244: '=': conversion from 'double' to 'int', possible loss of data
  (compiling source file 'COMP3016CW1.cpp')
  
C:\Users\theob\Documents\GitHub\COMP3016CW1\COMP3016CW1\COMP3016CW1\COMP3016CW1.cpp(27,58): warning C4838: conversion from 'int' to 'float' requires a narrowing conversion
C:\Users\theob\Documents\GitHub\COMP3016CW1\COMP3016CW1\COMP3016CW1\COMP3016CW1.cpp(27,58): warning C4244: 'initializing': conversion from 'int' to 'float', possible loss of data
C:\Users\theob\Documents\GitHub\COMP3016CW1\COMP3016CW1\COMP3016CW1\COMP3016CW1.cpp(36,19): warning C4244: 'initializing': conversion from 'Uint64' to 'int', possible loss of data
C:\Users\theob\Documents\GitHub\COMP3016CW1\COMP3016CW1\COMP3016CW1\COMP3016CW1.cpp(44,21): warning C4244: 'initializing': conversion from 'Uint64' to 'int', possible loss of data
C:\Users\theob\Documents\GitHub\COMP3016CW1\COMP3016CW1\COMP3016CW1\COMP3016CW1.cpp(53,26): warning C4244: '=': conversion from 'float' to 'int', possible loss of data
C:\Users\theob\Documents\GitHub\COMP3016CW1\COMP3016CW1\COMP3016CW1\COMP3016CW1.cpp(57,26): warning C4244: '=': conversion from 'float' to 'int', possible loss of data
C:\Users\theob\Documents\GitHub\COMP3016CW1\COMP3016CW1\COMP3016CW1\COMP3016CW1.cpp(234,25): warning C4838: conversion from 'int' to 'float' requires a narrowing conversion
C:\Users\theob\Documents\GitHub\COMP3016CW1\COMP3016CW1\COMP3016CW1\COMP3016CW1.cpp(234,25): warning C4244: 'initializing': conversion from 'int' to 'float', possible loss of data
C:\Users\theob\Documents\GitHub\COMP3016CW1\COMP3016CW1\COMP3016CW1\COMP3016CW1.cpp(234,32): warning C4838: conversion from 'int' to 'float' requires a narrowing conversion
C:\Users\theob\Documents\GitHub\COMP3016CW1\COMP3016CW1\COMP3016CW1\COMP3016CW1.cpp(234,32): warning C4244: 'initializing': conversion from 'int' to 'float', possible loss of data
C:\Users\theob\Documents\GitHub\COMP3016CW1\COMP3016CW1\COMP3016CW1\COMP3016CW1.cpp(234,39): warning C4838: conversion from 'int' to 'float' requires a narrowing conversion
C:\Users\theob\Documents\GitHub\COMP3016CW1\COMP3016CW1\COMP3016CW1\COMP3016CW1.cpp(234,39): warning C4244: 'initializing': conversion from 'int' to 'float', possible loss of data
C:\Users\theob\Documents\GitHub\COMP3016CW1\COMP3016CW1\COMP3016CW1\COMP3016CW1.cpp(234,46): warning C4838: conversion from 'int' to 'float' requires a narrowing conversion
C:\Users\theob\Documents\GitHub\COMP3016CW1\COMP3016CW1\COMP3016CW1\COMP3016CW1.cpp(234,46): warning C4244: 'initializing': conversion from 'int' to 'float', possible loss of data
C:\Users\theob\Documents\GitHub\COMP3016CW1\COMP3016CW1\COMP3016CW1\COMP3016CW1.cpp(238,22): warning C4838: conversion from 'int' to 'float' requires a narrowing conversion
C:\Users\theob\Documents\GitHub\COMP3016CW1\COMP3016CW1\COMP3016CW1\COMP3016CW1.cpp(238,22): warning C4244: 'initializing': conversion from 'int' to 'float', possible loss of data
C:\Users\theob\Documents\GitHub\COMP3016CW1\COMP3016CW1\COMP3016CW1\COMP3016CW1.cpp(238,25): warning C4838: conversion from 'int' to 'float' requires a narrowing conversion
C:\Users\theob\Documents\GitHub\COMP3016CW1\COMP3016CW1\COMP3016CW1\COMP3016CW1.cpp(238,25): warning C4244: 'initializing': conversion from 'int' to 'float', possible loss of data
C:\Users\theob\Documents\GitHub\COMP3016CW1\COMP3016CW1\COMP3016CW1\COMP3016CW1.cpp(238,28): warning C4838: conversion from 'int' to 'float' requires a narrowing conversion
C:\Users\theob\Documents\GitHub\COMP3016CW1\COMP3016CW1\COMP3016CW1\COMP3016CW1.cpp(238,28): warning C4244: 'initializing': conversion from 'int' to 'float', possible loss of data
C:\Users\theob\Documents\GitHub\COMP3016CW1\COMP3016CW1\COMP3016CW1\COMP3016CW1.cpp(238,31): warning C4838: conversion from 'int' to 'float' requires a narrowing conversion
C:\Users\theob\Documents\GitHub\COMP3016CW1\COMP3016CW1\COMP3016CW1\COMP3016CW1.cpp(238,31): warning C4244: 'initializing': conversion from 'int' to 'float', possible loss of data
C:\Users\theob\Documents\GitHub\COMP3016CW1\COMP3016CW1\COMP3016CW1\COMP3016CW1.cpp(257,21): warning C4838: conversion from 'int' to 'float' requires a narrowing conversion
C:\Users\theob\Documents\GitHub\COMP3016CW1\COMP3016CW1\COMP3016CW1\COMP3016CW1.cpp(257,21): warning C4244: 'initializing': conversion from 'int' to 'float', possible loss of data
C:\Users\theob\Documents\GitHub\COMP3016CW1\COMP3016CW1\COMP3016CW1\COMP3016CW1.cpp(257,24): warning C4838: conversion from 'int' to 'float' requires a narrowing conversion
C:\Users\theob\Documents\GitHub\COMP3016CW1\COMP3016CW1\COMP3016CW1\COMP3016CW1.cpp(257,24): warning C4244: 'initializing': conversion from 'int' to 'float', possible loss of data
C:\Users\theob\Documents\GitHub\COMP3016CW1\COMP3016CW1\COMP3016CW1\COMP3016CW1.cpp(257,46): warning C4838: conversion from 'int' to 'float' requires a narrowing conversion
C:\Users\theob\Documents\GitHub\COMP3016CW1\COMP3016CW1\COMP3016CW1\COMP3016CW1.cpp(257,46): warning C4244: 'initializing': conversion from 'int' to 'float', possible loss of data
C:\Users\theob\Documents\GitHub\COMP3016CW1\COMP3016CW1\COMP3016CW1\COMP3016CW1.cpp(257,62): warning C4838: conversion from 'int' to 'float' requires a narrowing conversion
C:\Users\theob\Documents\GitHub\COMP3016CW1\COMP3016CW1\COMP3016CW1\COMP3016CW1.cpp(257,62): warning C4244: 'initializing': conversion from 'int' to 'float', possible loss of data
C:\Users\theob\Documents\GitHub\COMP3016CW1\COMP3016CW1\COMP3016CW1\COMP3016CW1.cpp(293,27): warning C4244: 'initializing': conversion from 'int' to 'float', possible loss of data
C:\Users\theob\Documents\GitHub\COMP3016CW1\COMP3016CW1\COMP3016CW1\COMP3016CW1.cpp(294,26): warning C4244: 'initializing': conversion from 'int' to 'float', possible loss of data
C:\Users\theob\Documents\GitHub\COMP3016CW1\COMP3016CW1\COMP3016CW1\COMP3016CW1.cpp(321,35): warning C4244: 'argument': conversion from 'time_t' to 'unsigned int', possible loss of data
C:\Users\theob\Documents\GitHub\COMP3016CW1\COMP3016CW1\COMP3016CW1\COMP3016CW1.cpp(326,42): warning C4244: 'initializing': conversion from 'int' to 'float', possible loss of data
C:\Users\theob\Documents\GitHub\COMP3016CW1\COMP3016CW1\COMP3016CW1\COMP3016CW1.cpp(331,77): warning C4244: 'argument': conversion from 'float' to 'int', possible loss of data
C:\Users\theob\Documents\GitHub\COMP3016CW1\COMP3016CW1\COMP3016CW1\COMP3016CW1.cpp(348,46): warning C4244: 'initializing': conversion from 'int' to 'float', possible loss of data
C:\Users\theob\Documents\GitHub\COMP3016CW1\COMP3016CW1\COMP3016CW1\COMP3016CW1.cpp(353,83): warning C4244: 'argument': conversion from 'float' to 'int', possible loss of data
C:\Users\theob\Documents\GitHub\COMP3016CW1\COMP3016CW1\COMP3016CW1\COMP3016CW1.cpp(371,72): warning C4244: 'argument': conversion from 'int' to 'float', possible loss of data
C:\Users\theob\Documents\GitHub\COMP3016CW1\COMP3016CW1\COMP3016CW1\COMP3016CW1.cpp(372,69): warning C4244: 'argument': conversion from 'int' to 'float', possible loss of data
C:\Users\theob\Documents\GitHub\COMP3016CW1\COMP3016CW1\COMP3016CW1\COMP3016CW1.cpp(387,97): warning C4244: 'argument': conversion from 'int' to 'float', possible loss of data
C:\Users\theob\Documents\GitHub\COMP3016CW1\COMP3016CW1\COMP3016CW1\COMP3016CW1.cpp(391,95): warning C4244: 'argument': conversion from 'int' to 'float', possible loss of data
C:\Users\theob\Documents\GitHub\COMP3016CW1\COMP3016CW1\COMP3016CW1\COMP3016CW1.cpp(461,15): warning C4244: 'argument': conversion from 'time_t' to 'unsigned int', possible loss of data
C:\Users\theob\Documents\GitHub\COMP3016CW1\COMP3016CW1\COMP3016CW1\COMP3016CW1.cpp(625,27): warning C4244: 'initializing': conversion from 'int' to 'float', possible loss of data
C:\Users\theob\Documents\GitHub\COMP3016CW1\COMP3016CW1\COMP3016CW1\COMP3016CW1.cpp(715,43): warning C4244: 'argument': conversion from 'time_t' to 'unsigned int', possible loss of data
C:\Users\theob\Documents\GitHub\COMP3016CW1\COMP3016CW1\COMP3016CW1\COMP3016CW1.cpp(719,87): warning C4244: 'argument': conversion from 'double' to 'int', possible loss of data
C:\Users\theob\Documents\GitHub\COMP3016CW1\COMP3016CW1\COMP3016CW1\COMP3016CW1.cpp(893,80): warning C4244: 'argument': conversion from 'int' to 'float', possible loss of data
C:\Users\theob\Documents\GitHub\COMP3016CW1\COMP3016CW1\COMP3016CW1\COMP3016CW1.cpp(928,105): warning C4244: 'argument': conversion from 'int' to 'float', possible loss of data
  COMP3016CW1.vcxproj -> C:\Users\theob\Documents\GitHub\COMP3016CW1\COMP3016CW1\x64\Debug\COMP3016CW1.exe
